On test KMeans
On train KMeans
Training started
train	MAE: 1.1e-06	MSE: 0.00017	R2: 1.0
test	MAE: 0.00024	MSE: 0.0015	R2: 0.83
validation	MAE: 0.00015	MSE: 0.0011	R2: 0.9
------------------------------------
On test KMeans
On train PageRank
Training started
train	MAE: 7.9e-07	MSE: 0.00037	R2: 1.0
test	MAE: 0.00031	MSE: 0.0024	R2: 0.78
validation	MAE: 0.00018	MSE: 0.002	R2: 0.88
------------------------------------
On test KMeans
On train SGD
Training started
train	MAE: 5.8e-06	MSE: 0.00053	R2: 0.88
test	MAE: 0.06	MSE: 0.088	R2: -0.1
validation	MAE: 0.065	MSE: 0.088	R2: -0.099
------------------------------------
On test PageRank
On train KMeans
Training started
train	MAE: 1.1e-06	MSE: 0.00017	R2: 1.0
test	MAE: 0.00029	MSE: 0.01	R2: 0.66
validation	MAE: 0.00031	MSE: 0.011	R2: 0.5
------------------------------------
On test PageRank
On train PageRank
Training started
train	MAE: 7.9e-07	MSE: 0.00037	R2: 1.0
test	MAE: 8.6e-05	MSE: 0.0011	R2: 0.9
validation	MAE: 8.3e-05	MSE: 0.001	R2: 0.86
------------------------------------
On test PageRank
On train SGD
Training started
train	MAE: 5.8e-06	MSE: 0.00053	R2: 0.88
test	MAE: 0.052	MSE: 0.12	R2: -0.59
validation	MAE: 0.039	MSE: 0.1	R2: -0.66
------------------------------------
On test SGD
On train KMeans
Training started
train	MAE: 1.1e-06	MSE: 0.00017	R2: 1.0
test	MAE: 0.0023	MSE: 0.036	R2: -2.1e+03
validation	MAE: 0.0025	MSE: 0.038	R2: -2.8e+03
------------------------------------
On test SGD
On train PageRank
Training started
train	MAE: 7.9e-07	MSE: 0.00037	R2: 1.0
test	MAE: 0.0021	MSE: 0.026	R2: -1.9e+03
validation	MAE: 0.003	MSE: 0.032	R2: -3.3e+03
------------------------------------
On test SGD
On train SGD
Training started
train	MAE: 5.8e-06	MSE: 0.00053	R2: 0.88
test	MAE: 1.7e-05	MSE: 0.00078	R2: 0.58
validation	MAE: 1.2e-05	MSE: 0.0009	R2: 0.66
------------------------------------
Saving all results
